<?xml version="1.0" encoding="UTF-8"?>
<testsuite name="ShareMarketTest" tests="1" skipped="0" failures="0" errors="0" timestamp="2021-12-21T02:18:00" hostname="KALIM" time="0.001">
  <properties/>
  <testcase name="calculateMaxProfit3" classname="ShareMarketTest" time="0.001"/>
  <system-out><![CDATA[]]></system-out>
  <system-err><![CDATA[]]></system-err>
</testsuite>
